ISim log file
Running: Y:\Desktop\Code\Arch\05_31Ins\sim_mips_isim_beh.exe -intstyle ise -gui -tclbatch isim.cmd -wdb Y:/Desktop/Code/Arch/05_31Ins/sim_mips_isim_beh.wdb 
ISim P.20131013 (signature 0x7708f090)
This is a Full version of ISim.
Time resolution is 1 ps
# onerror resume
# wave add /
# run 1000 ns
Simulator is doing circuit initialization process.
ERROR: Too many words specified in datafile inst_mem.hex
Finished circuit initialization process.
ISim P.20131013 (signature 0x7708f090)
This is a Full version of ISim.
# run 1000 ns
Simulator is doing circuit initialization process.
ERROR: Too many words specified in datafile inst_mem.hex
Finished circuit initialization process.
ISim P.20131013 (signature 0x7708f090)
This is a Full version of ISim.
# run 1000 ns
Simulator is doing circuit initialization process.
ERROR: Too many words specified in datafile inst_mem.hex
Finished circuit initialization process.
# run 5.00us
