Running: fuse.exe -relaunch -intstyle "ise" -incremental -lib "unisims_ver" -lib "unimacro_ver" -lib "xilinxcorelib_ver" -lib "secureip" -o "Y:/Desktop/Code/Arch/Forwarding/sim_mips_isim_beh.exe" -prj "Y:/Desktop/Code/Arch/Forwarding/sim_mips_beh.prj" "work.sim_mips" "work.glbl" 
ISim P.20131013 (signature 0x7708f090)
Number of CPUs detected in this system: 2
Turning on mult-threading, number of parallel sub-compilation jobs: 4 
Determining compilation order of HDL files
Analyzing Verilog file "Y:/Desktop/Code/Arch/Forwarding/regfile.v" into library work
Analyzing Verilog file "Y:/Desktop/Code/Arch/Forwarding/alu.v" into library work
Analyzing Verilog file "Y:/Desktop/Code/Arch/Forwarding/datapath.v" into library work
Analyzing Verilog file "Y:/Desktop/Code/Arch/Forwarding/controller.v" into library work
Analyzing Verilog file "Y:/Desktop/Code/Arch/Forwarding/mips_core.v" into library work
Analyzing Verilog file "Y:/Desktop/Code/Arch/Forwarding/inst_rom.v" into library work
Analyzing Verilog file "Y:/Desktop/Code/Arch/Forwarding/data_ram.v" into library work
Analyzing Verilog file "Y:/Desktop/Code/Arch/Forwarding/mips.v" into library work
Analyzing Verilog file "Y:/Desktop/Code/Arch/Forwarding/sim_mips.v" into library work
Analyzing Verilog file "C:/Xilinx/14.7/ISE_DS/ISE//verilog/src/glbl.v" into library work
Starting static elaboration
Completed static elaboration
Compiling module controller
Compiling module regfile
Compiling module alu
Compiling module datapath
Compiling module mips_core
Compiling module inst_rom
Compiling module data_ram
Compiling module mips
Compiling module sim_mips
Compiling module glbl
Time Resolution for simulation is 1ps.
Waiting for 1 sub-compilation(s) to finish...
WARNING:Simulator - Unable to copy libPortabilityNOSH.dll to the simulation executable directory: boost::filesystem::copy_file: 系统找不到指定的路径。, "isim\sim_mips_isim_beh.exe.sim\libPortability.dll".
Compiled 10 Verilog Units
Built simulation executable Y:/Desktop/Code/Arch/Forwarding/sim_mips_isim_beh.exe
Fuse Memory Usage: 29108 KB
Fuse CPU Usage: 608 ms
